0 info it worked if it ends with ok
1 verbose cli [ '/Users/erhu66/.nvm/versions/node/v7.7.2/bin/node',
1 verbose cli   '/Users/erhu66/.nvm/versions/node/v7.7.2/bin/npm',
1 verbose cli   'start' ]
2 info using npm@4.1.2
3 info using node@v7.7.2
4 verbose run-script [ 'prestart', 'start', 'poststart' ]
5 info lifecycle passport-local-express4@0.0.0~prestart: passport-local-express4@0.0.0
6 silly lifecycle passport-local-express4@0.0.0~prestart: no script for prestart, continuing
7 info lifecycle passport-local-express4@0.0.0~start: passport-local-express4@0.0.0
8 verbose lifecycle passport-local-express4@0.0.0~start: unsafe-perm in lifecycle true
9 verbose lifecycle passport-local-express4@0.0.0~start: PATH: /Users/erhu66/.nvm/versions/node/v7.7.2/lib/node_modules/npm/bin/node-gyp-bin:/Users/erhu66/Documents/Demo/passport-local-express4-master/node_modules/.bin:/Users/erhu66/.nvm/versions/node/v7.7.2/bin:/Users/erhu66/.rbenv/shims:/Users/erhu66/.rvm/gems/ruby-2.2.4/bin:/Users/erhu66/.rvm/gems/ruby-2.2.4@global/bin:/Users/erhu66/.rvm/rubies/ruby-2.2.4/bin:/Users/erhu66/.apportable/SDK/bin:/Users/erhu66/Bin:/usr/local/bin:/usr/bin:/bin:/usr/sbin:/sbin:/opt/ImageMagick/bin:/usr/local/mysql/bin:/Users/erhu66/.rvm/bin:/Users/erhu66/.rvm/bin
10 verbose lifecycle passport-local-express4@0.0.0~start: CWD: /Users/erhu66/Documents/Demo/passport-local-express4-master
11 silly lifecycle passport-local-express4@0.0.0~start: Args: [ '-c', 'node ./bin/www' ]
12 silly lifecycle passport-local-express4@0.0.0~start: Returned: code: 1  signal: null
13 info lifecycle passport-local-express4@0.0.0~start: Failed to exec start script
14 verbose stack Error: passport-local-express4@0.0.0 start: `node ./bin/www`
14 verbose stack Exit status 1
14 verbose stack     at EventEmitter.<anonymous> (/Users/erhu66/.nvm/versions/node/v7.7.2/lib/node_modules/npm/lib/utils/lifecycle.js:279:16)
14 verbose stack     at emitTwo (events.js:106:13)
14 verbose stack     at EventEmitter.emit (events.js:194:7)
14 verbose stack     at ChildProcess.<anonymous> (/Users/erhu66/.nvm/versions/node/v7.7.2/lib/node_modules/npm/lib/utils/spawn.js:40:14)
14 verbose stack     at emitTwo (events.js:106:13)
14 verbose stack     at ChildProcess.emit (events.js:194:7)
14 verbose stack     at maybeClose (internal/child_process.js:899:16)
14 verbose stack     at Process.ChildProcess._handle.onexit (internal/child_process.js:226:5)
15 verbose pkgid passport-local-express4@0.0.0
16 verbose cwd /Users/erhu66/Documents/Demo/passport-local-express4-master
17 error Darwin 16.4.0
18 error argv "/Users/erhu66/.nvm/versions/node/v7.7.2/bin/node" "/Users/erhu66/.nvm/versions/node/v7.7.2/bin/npm" "start"
19 error node v7.7.2
20 error npm  v4.1.2
21 error code ELIFECYCLE
22 error passport-local-express4@0.0.0 start: `node ./bin/www`
22 error Exit status 1
23 error Failed at the passport-local-express4@0.0.0 start script 'node ./bin/www'.
23 error Make sure you have the latest version of node.js and npm installed.
23 error If you do, this is most likely a problem with the passport-local-express4 package,
23 error not with npm itself.
23 error Tell the author that this fails on your system:
23 error     node ./bin/www
23 error You can get information on how to open an issue for this project with:
23 error     npm bugs passport-local-express4
23 error Or if that isn't available, you can get their info via:
23 error     npm owner ls passport-local-express4
23 error There is likely additional logging output above.
24 verbose exit [ 1, true ]
